2021-04-04 17:27:05,425 [Worker-4: Loading available Gradle versions] INFO  o.e.b.c.i.u.g.PublishedGradleVersions - Gradle version information cache is up-to-date. Trying to read.
2021-04-04 17:29:04,082 [Worker-9: Import Getting Started Content] INFO  o.e.m.c.i.l.LifecycleMappingFactory - Using org.eclipse.m2e.jdt.JarLifecycleMapping lifecycle mapping for MavenProject: com.codigolivre:api-test:0.0.1-SNAPSHOT @ /home/workspace/algaworks-api/api-test/pom.xml.
2021-04-04 17:29:04,136 [Worker-9: Import Getting Started Content] WARN  o.e.m.c.i.embedder.EclipseLogger - The POM for org.springframework.boot:spring-boot-starter-data-jpa:jar:2.3.9.RELEASE is invalid, transitive dependencies (if any) will not be available, enable debug logging for more details
2021-04-04 17:29:07,065 [Worker-9: Import Getting Started Content] INFO  o.e.m.j.i.AbstractJavaProjectConfigurator - Adding source folder /api-test/src/main/java
2021-04-04 17:29:07,066 [Worker-9: Import Getting Started Content] INFO  o.e.m.j.i.AbstractJavaProjectConfigurator - Adding resource folder /api-test/src/main/resources
2021-04-04 17:29:07,072 [Worker-9: Import Getting Started Content] INFO  o.e.m.j.i.AbstractJavaProjectConfigurator - Adding resource folder /api-test/src/main/resources
2021-04-04 17:29:07,082 [Worker-9: Import Getting Started Content] INFO  o.e.m.j.i.AbstractJavaProjectConfigurator - Adding source folder /api-test/src/test/java
2021-04-04 17:29:08,082 [Worker-9: Import Getting Started Content] ERROR o.e.m2e.jdt.internal.ModuleSupport - zip file is empty
java.util.zip.ZipException: zip file is empty
	at java.base/java.util.zip.ZipFile$Source.zerror(ZipFile.java:1585)
	at java.base/java.util.zip.ZipFile$Source.findEND(ZipFile.java:1352)
	at java.base/java.util.zip.ZipFile$Source.initCEN(ZipFile.java:1448)
	at java.base/java.util.zip.ZipFile$Source.<init>(ZipFile.java:1249)
	at java.base/java.util.zip.ZipFile$Source.get(ZipFile.java:1211)
	at java.base/java.util.zip.ZipFile$CleanableResource.<init>(ZipFile.java:701)
	at java.base/java.util.zip.ZipFile.<init>(ZipFile.java:240)
	at java.base/java.util.zip.ZipFile.<init>(ZipFile.java:171)
	at java.base/java.util.jar.JarFile.<init>(JarFile.java:347)
	at java.base/java.util.jar.JarFile.<init>(JarFile.java:318)
	at java.base/java.util.jar.JarFile.<init>(JarFile.java:298)
	at org.eclipse.m2e.jdt.internal.ModuleSupport.getModuleInfo(ModuleSupport.java:231)
	at org.eclipse.m2e.jdt.internal.ModuleSupport.getModuleInfo(ModuleSupport.java:190)
	at org.eclipse.m2e.jdt.internal.ModuleSupport.configureClasspath(ModuleSupport.java:121)
	at org.eclipse.m2e.jdt.internal.AbstractJavaProjectConfigurator.configureClasspath(AbstractJavaProjectConfigurator.java:800)
	at org.eclipse.m2e.jdt.internal.DefaultClasspathManagerDelegate.populateClasspath(DefaultClasspathManagerDelegate.java:67)
	at org.eclipse.m2e.jdt.internal.BuildPathManager.getClasspath(BuildPathManager.java:269)
	at org.eclipse.m2e.jdt.internal.BuildPathManager.getClasspath(BuildPathManager.java:385)
	at org.eclipse.m2e.jdt.internal.BuildPathManager.getClasspath(BuildPathManager.java:365)
	at org.eclipse.m2e.jdt.internal.BuildPathManager.getClasspath(BuildPathManager.java:393)
	at org.eclipse.m2e.jdt.internal.BuildPathManager.updateClasspath(BuildPathManager.java:207)
	at org.eclipse.m2e.jdt.internal.AbstractJavaProjectConfigurator.configure(AbstractJavaProjectConfigurator.java:180)
	at org.eclipse.m2e.core.project.configurator.AbstractLifecycleMapping.configure(AbstractLifecycleMapping.java:122)
	at org.eclipse.m2e.core.internal.project.ProjectConfigurationManager.lambda$2(ProjectConfigurationManager.java:511)
	at org.eclipse.m2e.core.internal.embedder.MavenExecutionContext.executeBare(MavenExecutionContext.java:179)
	at org.eclipse.m2e.core.internal.embedder.MavenExecutionContext.execute(MavenExecutionContext.java:153)
	at org.eclipse.m2e.core.internal.project.ProjectConfigurationManager.updateProjectConfiguration(ProjectConfigurationManager.java:505)
	at org.eclipse.m2e.core.internal.project.ProjectConfigurationManager.configureNewMavenProjects(ProjectConfigurationManager.java:296)
	at org.eclipse.m2e.core.internal.project.ProjectConfigurationManager.lambda$0(ProjectConfigurationManager.java:176)
	at org.eclipse.m2e.core.internal.embedder.MavenExecutionContext.executeBare(MavenExecutionContext.java:179)
	at org.eclipse.m2e.core.internal.embedder.MavenExecutionContext.execute(MavenExecutionContext.java:153)
	at org.eclipse.m2e.core.internal.embedder.MavenExecutionContext.execute(MavenExecutionContext.java:101)
	at org.eclipse.m2e.core.internal.embedder.MavenImpl.execute(MavenImpl.java:1374)
	at org.eclipse.m2e.core.internal.project.ProjectConfigurationManager.importProjects(ProjectConfigurationManager.java:146)
	at org.eclipse.m2e.core.internal.project.ProjectConfigurationManager.importProjects(ProjectConfigurationManager.java:136)
	at org.springframework.ide.eclipse.boot.wizard.importing.MavenStrategy.createEclipseProjectFromExistingMavenProject(MavenStrategy.java:133)
	at org.springframework.ide.eclipse.boot.wizard.importing.MavenStrategy$MavenCodeSetImport.run(MavenStrategy.java:84)
	at org.springframework.ide.eclipse.boot.wizard.NewSpringBootWizardModel.importProject(NewSpringBootWizardModel.java:353)
	at org.springframework.ide.eclipse.boot.wizard.NewSpringBootWizardModel.performFinish(NewSpringBootWizardModel.java:332)
	at org.springframework.ide.eclipse.boot.wizard.NewSpringBootWizard$1.run(NewSpringBootWizard.java:228)
	at org.eclipse.core.internal.jobs.Worker.run(Worker.java:63)
2021-04-04 17:29:08,199 [Worker-9: Import Getting Started Content] INFO  o.e.m.c.i.p.ProjectConfigurationManager - Imported and configured 1 project(s) in 7 sec
2021-04-04 17:29:08,204 [Worker-9: Import Getting Started Content] INFO  o.e.m.c.i.p.ProjectConfigurationManager - Update started
2021-04-04 17:29:08,953 [Worker-9: Import Getting Started Content] INFO  o.e.m.c.i.l.LifecycleMappingFactory - Using org.eclipse.m2e.jdt.JarLifecycleMapping lifecycle mapping for MavenProject: com.codigolivre:api-test:0.0.1-SNAPSHOT @ /home/workspace/algaworks-api/api-test/pom.xml.
2021-04-04 17:29:08,975 [Worker-9: Import Getting Started Content] WARN  o.e.m.c.i.embedder.EclipseLogger - The POM for org.springframework.boot:spring-boot-starter-data-jpa:jar:2.3.9.RELEASE is invalid, transitive dependencies (if any) will not be available, enable debug logging for more details
2021-04-04 17:29:09,552 [Worker-9: Import Getting Started Content] ERROR o.e.m2e.jdt.internal.ModuleSupport - zip file is empty
java.util.zip.ZipException: zip file is empty
	at java.base/java.util.zip.ZipFile$Source.zerror(ZipFile.java:1585)
	at java.base/java.util.zip.ZipFile$Source.findEND(ZipFile.java:1352)
	at java.base/java.util.zip.ZipFile$Source.initCEN(ZipFile.java:1448)
	at java.base/java.util.zip.ZipFile$Source.<init>(ZipFile.java:1249)
	at java.base/java.util.zip.ZipFile$Source.get(ZipFile.java:1211)
	at java.base/java.util.zip.ZipFile$CleanableResource.<init>(ZipFile.java:701)
	at java.base/java.util.zip.ZipFile.<init>(ZipFile.java:240)
	at java.base/java.util.zip.ZipFile.<init>(ZipFile.java:171)
	at java.base/java.util.jar.JarFile.<init>(JarFile.java:347)
	at java.base/java.util.jar.JarFile.<init>(JarFile.java:318)
	at java.base/java.util.jar.JarFile.<init>(JarFile.java:298)
	at org.eclipse.m2e.jdt.internal.ModuleSupport.getModuleInfo(ModuleSupport.java:231)
	at org.eclipse.m2e.jdt.internal.ModuleSupport.getModuleInfo(ModuleSupport.java:190)
	at org.eclipse.m2e.jdt.internal.ModuleSupport.configureClasspath(ModuleSupport.java:121)
	at org.eclipse.m2e.jdt.internal.AbstractJavaProjectConfigurator.configureClasspath(AbstractJavaProjectConfigurator.java:800)
	at org.eclipse.m2e.jdt.internal.DefaultClasspathManagerDelegate.populateClasspath(DefaultClasspathManagerDelegate.java:67)
	at org.eclipse.m2e.jdt.internal.BuildPathManager.getClasspath(BuildPathManager.java:269)
	at org.eclipse.m2e.jdt.internal.BuildPathManager.getClasspath(BuildPathManager.java:385)
	at org.eclipse.m2e.jdt.internal.BuildPathManager.getClasspath(BuildPathManager.java:365)
	at org.eclipse.m2e.jdt.internal.BuildPathManager.getClasspath(BuildPathManager.java:393)
	at org.eclipse.m2e.jdt.internal.BuildPathManager.updateClasspath(BuildPathManager.java:207)
	at org.eclipse.m2e.jdt.internal.BuildPathManager.mavenProjectChanged(BuildPathManager.java:196)
	at org.eclipse.m2e.core.internal.project.registry.ProjectRegistryManager.notifyProjectChangeListeners(ProjectRegistryManager.java:824)
	at org.eclipse.m2e.core.internal.project.registry.ProjectRegistryManager.applyMutableProjectRegistry(ProjectRegistryManager.java:990)
	at org.eclipse.m2e.core.internal.project.registry.ProjectRegistryManager.refresh(ProjectRegistryManager.java:317)
	at org.eclipse.m2e.core.internal.project.ProjectConfigurationManager.updateProjectConfiguration0(ProjectConfigurationManager.java:409)
	at org.eclipse.m2e.core.internal.project.ProjectConfigurationManager.lambda$1(ProjectConfigurationManager.java:358)
	at org.eclipse.m2e.core.internal.embedder.MavenExecutionContext.executeBare(MavenExecutionContext.java:179)
	at org.eclipse.m2e.core.internal.embedder.MavenExecutionContext.execute(MavenExecutionContext.java:153)
	at org.eclipse.m2e.core.internal.embedder.MavenExecutionContext.execute(MavenExecutionContext.java:101)
	at org.eclipse.m2e.core.internal.embedder.MavenImpl.execute(MavenImpl.java:1370)
	at org.eclipse.m2e.core.internal.project.ProjectConfigurationManager.updateProjectConfiguration(ProjectConfigurationManager.java:357)
	at org.eclipse.m2e.core.internal.project.ProjectConfigurationManager.updateProjectConfiguration(ProjectConfigurationManager.java:343)
	at org.eclipse.m2e.core.internal.project.ProjectConfigurationManager.updateProjectConfiguration(ProjectConfigurationManager.java:325)
	at org.eclipse.m2e.core.internal.project.ProjectConfigurationManager.updateProjectConfiguration(ProjectConfigurationManager.java:314)
	at org.springframework.ide.eclipse.boot.wizard.importing.MavenStrategy.createEclipseProjectFromExistingMavenProject(MavenStrategy.java:138)
	at org.springframework.ide.eclipse.boot.wizard.importing.MavenStrategy$MavenCodeSetImport.run(MavenStrategy.java:84)
	at org.springframework.ide.eclipse.boot.wizard.NewSpringBootWizardModel.importProject(NewSpringBootWizardModel.java:353)
	at org.springframework.ide.eclipse.boot.wizard.NewSpringBootWizardModel.performFinish(NewSpringBootWizardModel.java:332)
	at org.springframework.ide.eclipse.boot.wizard.NewSpringBootWizard$1.run(NewSpringBootWizard.java:228)
	at org.eclipse.core.internal.jobs.Worker.run(Worker.java:63)
2021-04-04 17:29:11,892 [Worker-9: Import Getting Started Content] INFO  o.e.m.j.i.AbstractJavaProjectConfigurator - Adding source folder /api-test/src/main/java
2021-04-04 17:29:11,893 [Worker-9: Import Getting Started Content] INFO  o.e.m.j.i.AbstractJavaProjectConfigurator - Adding resource folder /api-test/src/main/resources
2021-04-04 17:29:11,895 [Worker-9: Import Getting Started Content] INFO  o.e.m.j.i.AbstractJavaProjectConfigurator - Adding resource folder /api-test/src/main/resources
2021-04-04 17:29:11,898 [Worker-9: Import Getting Started Content] INFO  o.e.m.j.i.AbstractJavaProjectConfigurator - Adding source folder /api-test/src/test/java
2021-04-04 17:29:11,943 [Worker-9: Import Getting Started Content] ERROR o.e.m2e.jdt.internal.ModuleSupport - zip file is empty
java.util.zip.ZipException: zip file is empty
	at java.base/java.util.zip.ZipFile$Source.zerror(ZipFile.java:1585)
	at java.base/java.util.zip.ZipFile$Source.findEND(ZipFile.java:1352)
	at java.base/java.util.zip.ZipFile$Source.initCEN(ZipFile.java:1448)
	at java.base/java.util.zip.ZipFile$Source.<init>(ZipFile.java:1249)
	at java.base/java.util.zip.ZipFile$Source.get(ZipFile.java:1211)
	at java.base/java.util.zip.ZipFile$CleanableResource.<init>(ZipFile.java:701)
	at java.base/java.util.zip.ZipFile.<init>(ZipFile.java:240)
	at java.base/java.util.zip.ZipFile.<init>(ZipFile.java:171)
	at java.base/java.util.jar.JarFile.<init>(JarFile.java:347)
	at java.base/java.util.jar.JarFile.<init>(JarFile.java:318)
	at java.base/java.util.jar.JarFile.<init>(JarFile.java:298)
	at org.eclipse.m2e.jdt.internal.ModuleSupport.getModuleInfo(ModuleSupport.java:231)
	at org.eclipse.m2e.jdt.internal.ModuleSupport.getModuleInfo(ModuleSupport.java:190)
	at org.eclipse.m2e.jdt.internal.ModuleSupport.configureClasspath(ModuleSupport.java:121)
	at org.eclipse.m2e.jdt.internal.AbstractJavaProjectConfigurator.configureClasspath(AbstractJavaProjectConfigurator.java:800)
	at org.eclipse.m2e.jdt.internal.DefaultClasspathManagerDelegate.populateClasspath(DefaultClasspathManagerDelegate.java:67)
	at org.eclipse.m2e.jdt.internal.BuildPathManager.getClasspath(BuildPathManager.java:269)
	at org.eclipse.m2e.jdt.internal.BuildPathManager.getClasspath(BuildPathManager.java:385)
	at org.eclipse.m2e.jdt.internal.BuildPathManager.getClasspath(BuildPathManager.java:365)
	at org.eclipse.m2e.jdt.internal.BuildPathManager.getClasspath(BuildPathManager.java:393)
	at org.eclipse.m2e.jdt.internal.BuildPathManager.updateClasspath(BuildPathManager.java:207)
	at org.eclipse.m2e.jdt.internal.AbstractJavaProjectConfigurator.configure(AbstractJavaProjectConfigurator.java:180)
	at org.eclipse.m2e.core.project.configurator.AbstractLifecycleMapping.configure(AbstractLifecycleMapping.java:122)
	at org.eclipse.m2e.core.internal.project.ProjectConfigurationManager.lambda$2(ProjectConfigurationManager.java:511)
	at org.eclipse.m2e.core.internal.embedder.MavenExecutionContext.executeBare(MavenExecutionContext.java:179)
	at org.eclipse.m2e.core.internal.embedder.MavenExecutionContext.execute(MavenExecutionContext.java:153)
	at org.eclipse.m2e.core.internal.project.ProjectConfigurationManager.updateProjectConfiguration(ProjectConfigurationManager.java:505)
	at org.eclipse.m2e.core.internal.project.ProjectConfigurationManager.updateProjectConfiguration0(ProjectConfigurationManager.java:443)
	at org.eclipse.m2e.core.internal.project.ProjectConfigurationManager.lambda$1(ProjectConfigurationManager.java:358)
	at org.eclipse.m2e.core.internal.embedder.MavenExecutionContext.executeBare(MavenExecutionContext.java:179)
	at org.eclipse.m2e.core.internal.embedder.MavenExecutionContext.execute(MavenExecutionContext.java:153)
	at org.eclipse.m2e.core.internal.embedder.MavenExecutionContext.execute(MavenExecutionContext.java:101)
	at org.eclipse.m2e.core.internal.embedder.MavenImpl.execute(MavenImpl.java:1370)
	at org.eclipse.m2e.core.internal.project.ProjectConfigurationManager.updateProjectConfiguration(ProjectConfigurationManager.java:357)
	at org.eclipse.m2e.core.internal.project.ProjectConfigurationManager.updateProjectConfiguration(ProjectConfigurationManager.java:343)
	at org.eclipse.m2e.core.internal.project.ProjectConfigurationManager.updateProjectConfiguration(ProjectConfigurationManager.java:325)
	at org.eclipse.m2e.core.internal.project.ProjectConfigurationManager.updateProjectConfiguration(ProjectConfigurationManager.java:314)
	at org.springframework.ide.eclipse.boot.wizard.importing.MavenStrategy.createEclipseProjectFromExistingMavenProject(MavenStrategy.java:138)
	at org.springframework.ide.eclipse.boot.wizard.importing.MavenStrategy$MavenCodeSetImport.run(MavenStrategy.java:84)
	at org.springframework.ide.eclipse.boot.wizard.NewSpringBootWizardModel.importProject(NewSpringBootWizardModel.java:353)
	at org.springframework.ide.eclipse.boot.wizard.NewSpringBootWizardModel.performFinish(NewSpringBootWizardModel.java:332)
	at org.springframework.ide.eclipse.boot.wizard.NewSpringBootWizard$1.run(NewSpringBootWizard.java:228)
	at org.eclipse.core.internal.jobs.Worker.run(Worker.java:63)
2021-04-04 17:29:13,229 [Worker-9: Import Getting Started Content] INFO  o.e.m.c.i.p.ProjectConfigurationManager - Update completed: 5 sec
2021-04-04 17:29:13,646 [Worker-1: Building] WARN  o.e.m.c.i.embedder.EclipseLogger - The POM for org.springframework.boot:spring-boot-starter-data-jpa:jar:2.3.9.RELEASE is invalid, transitive dependencies (if any) will not be available, enable debug logging for more details
2021-04-04 17:29:13,821 [Worker-1: Building] INFO  o.e.m.c.i.embedder.EclipseLogger - Using 'UTF-8' encoding to copy filtered resources.
2021-04-04 17:29:13,828 [Worker-1: Building] INFO  o.e.m.c.i.embedder.EclipseLogger - Copying 1 resource
2021-04-04 17:29:13,843 [Worker-1: Building] INFO  o.e.m.c.i.embedder.EclipseLogger - Copying 0 resource
2021-04-04 17:29:13,847 [Worker-1: Building] INFO  o.e.m.c.i.embedder.EclipseLogger - Using 'UTF-8' encoding to copy filtered resources.
2021-04-04 17:29:13,848 [Worker-1: Building] INFO  o.e.m.c.i.embedder.EclipseLogger - skip non existing resourceDirectory /home/workspace/algaworks-api/api-test/src/test/resources
2021-04-04 17:29:36,656 [Worker-1: Building] INFO  o.e.m.c.i.embedder.EclipseLogger - Using 'UTF-8' encoding to copy filtered resources.
2021-04-04 17:29:36,657 [Worker-1: Building] INFO  o.e.m.c.i.embedder.EclipseLogger - Copying 0 resource
2021-04-04 17:29:36,657 [Worker-1: Building] INFO  o.e.m.c.i.embedder.EclipseLogger - Copying 0 resource
2021-04-04 17:29:36,660 [Worker-1: Building] INFO  o.e.m.c.i.embedder.EclipseLogger - Using 'UTF-8' encoding to copy filtered resources.
2021-04-04 17:29:36,660 [Worker-1: Building] INFO  o.e.m.c.i.embedder.EclipseLogger - skip non existing resourceDirectory /home/workspace/algaworks-api/api-test/src/test/resources
2021-04-04 17:29:46,045 [Worker-4: Launching api-test - ApiTestApplication] ERROR o.e.m2e.jdt.internal.ModuleSupport - zip file is empty
java.util.zip.ZipException: zip file is empty
	at java.base/java.util.zip.ZipFile$Source.zerror(ZipFile.java:1585)
	at java.base/java.util.zip.ZipFile$Source.findEND(ZipFile.java:1352)
	at java.base/java.util.zip.ZipFile$Source.initCEN(ZipFile.java:1448)
	at java.base/java.util.zip.ZipFile$Source.<init>(ZipFile.java:1249)
	at java.base/java.util.zip.ZipFile$Source.get(ZipFile.java:1211)
	at java.base/java.util.zip.ZipFile$CleanableResource.<init>(ZipFile.java:701)
	at java.base/java.util.zip.ZipFile.<init>(ZipFile.java:240)
	at java.base/java.util.zip.ZipFile.<init>(ZipFile.java:171)
	at java.base/java.util.jar.JarFile.<init>(JarFile.java:347)
	at java.base/java.util.jar.JarFile.<init>(JarFile.java:318)
	at java.base/java.util.jar.JarFile.<init>(JarFile.java:298)
	at org.eclipse.m2e.jdt.internal.ModuleSupport.getModuleInfo(ModuleSupport.java:231)
	at org.eclipse.m2e.jdt.internal.ModuleSupport.getModuleInfo(ModuleSupport.java:190)
	at org.eclipse.m2e.jdt.internal.ModuleSupport.configureClasspath(ModuleSupport.java:121)
	at org.eclipse.m2e.jdt.internal.AbstractJavaProjectConfigurator.configureClasspath(AbstractJavaProjectConfigurator.java:800)
	at org.eclipse.m2e.jdt.internal.DefaultClasspathManagerDelegate.populateClasspath(DefaultClasspathManagerDelegate.java:67)
	at org.eclipse.m2e.jdt.internal.BuildPathManager.getClasspath(BuildPathManager.java:269)
	at org.eclipse.m2e.jdt.internal.BuildPathManager.getClasspath(BuildPathManager.java:385)
	at org.eclipse.m2e.jdt.internal.launch.MavenRuntimeClasspathProvider.addMavenClasspathEntries(MavenRuntimeClasspathProvider.java:205)
	at org.eclipse.m2e.jdt.internal.launch.MavenRuntimeClasspathProvider.resolveClasspath0(MavenRuntimeClasspathProvider.java:176)
	at org.eclipse.m2e.jdt.internal.launch.MavenRuntimeClasspathProvider.lambda$1(MavenRuntimeClasspathProvider.java:158)
	at org.eclipse.m2e.core.internal.embedder.MavenExecutionContext.executeBare(MavenExecutionContext.java:179)
	at org.eclipse.m2e.core.internal.embedder.MavenExecutionContext.execute(MavenExecutionContext.java:153)
	at org.eclipse.m2e.core.internal.embedder.MavenExecutionContext.execute(MavenExecutionContext.java:101)
	at org.eclipse.m2e.core.internal.embedder.MavenImpl.execute(MavenImpl.java:1374)
	at org.eclipse.m2e.jdt.internal.launch.MavenRuntimeClasspathProvider.resolveClasspath(MavenRuntimeClasspathProvider.java:158)
	at org.springframework.ide.eclipse.boot.launch.BootMavenClassPathProvider.resolveClasspath(BootMavenClassPathProvider.java:24)
	at org.eclipse.jdt.internal.launching.RuntimeClasspathProvider.resolveClasspath(RuntimeClasspathProvider.java:68)
	at org.eclipse.jdt.launching.JavaRuntime.resolveRuntimeClasspath(JavaRuntime.java:1662)
	at org.eclipse.jdt.launching.AbstractJavaLaunchConfigurationDelegate.getClasspath(AbstractJavaLaunchConfigurationDelegate.java:432)
	at org.springframework.ide.eclipse.boot.launch.AbstractBootLaunchConfigurationDelegate.getClasspath(AbstractBootLaunchConfigurationDelegate.java:414)
	at org.springframework.ide.eclipse.boot.launch.BootLaunchConfigurationDelegate.getClasspath(BootLaunchConfigurationDelegate.java:589)
	at org.eclipse.jdt.launching.JavaLaunchDelegate.getVMRunnerConfiguration(JavaLaunchDelegate.java:96)
	at org.eclipse.jdt.launching.JavaLaunchDelegate.launch(JavaLaunchDelegate.java:160)
	at org.springframework.ide.eclipse.boot.launch.AbstractBootLaunchConfigurationDelegate.launch(AbstractBootLaunchConfigurationDelegate.java:372)
	at org.springframework.ide.eclipse.boot.launch.BootLaunchConfigurationDelegate.launch(BootLaunchConfigurationDelegate.java:153)
	at org.eclipse.debug.internal.core.LaunchConfiguration.launch(LaunchConfiguration.java:807)
	at org.eclipse.debug.internal.core.LaunchConfiguration.launch(LaunchConfiguration.java:718)
	at org.eclipse.debug.internal.ui.DebugUIPlugin.buildAndLaunch(DebugUIPlugin.java:1021)
	at org.eclipse.debug.internal.ui.DebugUIPlugin$2.run(DebugUIPlugin.java:1224)
	at org.eclipse.core.internal.jobs.Worker.run(Worker.java:63)
2021-04-04 17:29:46,144 [Worker-4: Launching api-test - ApiTestApplication] ERROR o.e.m2e.jdt.internal.ModuleSupport - zip file is empty
java.util.zip.ZipException: zip file is empty
	at java.base/java.util.zip.ZipFile$Source.zerror(ZipFile.java:1585)
	at java.base/java.util.zip.ZipFile$Source.findEND(ZipFile.java:1352)
	at java.base/java.util.zip.ZipFile$Source.initCEN(ZipFile.java:1448)
	at java.base/java.util.zip.ZipFile$Source.<init>(ZipFile.java:1249)
	at java.base/java.util.zip.ZipFile$Source.get(ZipFile.java:1211)
	at java.base/java.util.zip.ZipFile$CleanableResource.<init>(ZipFile.java:701)
	at java.base/java.util.zip.ZipFile.<init>(ZipFile.java:240)
	at java.base/java.util.zip.ZipFile.<init>(ZipFile.java:171)
	at java.base/java.util.jar.JarFile.<init>(JarFile.java:347)
	at java.base/java.util.jar.JarFile.<init>(JarFile.java:318)
	at java.base/java.util.jar.JarFile.<init>(JarFile.java:298)
	at org.eclipse.m2e.jdt.internal.ModuleSupport.getModuleInfo(ModuleSupport.java:231)
	at org.eclipse.m2e.jdt.internal.ModuleSupport.getModuleInfo(ModuleSupport.java:190)
	at org.eclipse.m2e.jdt.internal.ModuleSupport.configureClasspath(ModuleSupport.java:121)
	at org.eclipse.m2e.jdt.internal.AbstractJavaProjectConfigurator.configureClasspath(AbstractJavaProjectConfigurator.java:800)
	at org.eclipse.m2e.jdt.internal.DefaultClasspathManagerDelegate.populateClasspath(DefaultClasspathManagerDelegate.java:67)
	at org.eclipse.m2e.jdt.internal.BuildPathManager.getClasspath(BuildPathManager.java:269)
	at org.eclipse.m2e.jdt.internal.BuildPathManager.getClasspath(BuildPathManager.java:385)
	at org.eclipse.m2e.jdt.internal.launch.MavenRuntimeClasspathProvider.addMavenClasspathEntries(MavenRuntimeClasspathProvider.java:205)
	at org.eclipse.m2e.jdt.internal.launch.MavenRuntimeClasspathProvider.resolveClasspath0(MavenRuntimeClasspathProvider.java:176)
	at org.eclipse.m2e.jdt.internal.launch.MavenRuntimeClasspathProvider.lambda$1(MavenRuntimeClasspathProvider.java:158)
	at org.eclipse.m2e.core.internal.embedder.MavenExecutionContext.executeBare(MavenExecutionContext.java:179)
	at org.eclipse.m2e.core.internal.embedder.MavenExecutionContext.execute(MavenExecutionContext.java:153)
	at org.eclipse.m2e.core.internal.embedder.MavenExecutionContext.execute(MavenExecutionContext.java:101)
	at org.eclipse.m2e.core.internal.embedder.MavenImpl.execute(MavenImpl.java:1374)
	at org.eclipse.m2e.jdt.internal.launch.MavenRuntimeClasspathProvider.resolveClasspath(MavenRuntimeClasspathProvider.java:158)
	at org.springframework.ide.eclipse.boot.launch.BootMavenClassPathProvider.resolveClasspath(BootMavenClassPathProvider.java:24)
	at org.eclipse.jdt.internal.launching.RuntimeClasspathProvider.resolveClasspath(RuntimeClasspathProvider.java:68)
	at org.eclipse.jdt.launching.JavaRuntime.resolveRuntimeClasspath(JavaRuntime.java:1662)
	at org.eclipse.jdt.launching.AbstractJavaLaunchConfigurationDelegate.getClasspathAndModulepath(AbstractJavaLaunchConfigurationDelegate.java:464)
	at org.springframework.ide.eclipse.boot.launch.AbstractBootLaunchConfigurationDelegate.getClasspathAndModulepath(AbstractBootLaunchConfigurationDelegate.java:401)
	at org.springframework.ide.eclipse.boot.launch.BootLaunchConfigurationDelegate.getClasspathAndModulepath(BootLaunchConfigurationDelegate.java:573)
	at org.eclipse.jdt.launching.JavaLaunchDelegate.getVMRunnerConfiguration(JavaLaunchDelegate.java:132)
	at org.eclipse.jdt.launching.JavaLaunchDelegate.launch(JavaLaunchDelegate.java:160)
	at org.springframework.ide.eclipse.boot.launch.AbstractBootLaunchConfigurationDelegate.launch(AbstractBootLaunchConfigurationDelegate.java:372)
	at org.springframework.ide.eclipse.boot.launch.BootLaunchConfigurationDelegate.launch(BootLaunchConfigurationDelegate.java:153)
	at org.eclipse.debug.internal.core.LaunchConfiguration.launch(LaunchConfiguration.java:807)
	at org.eclipse.debug.internal.core.LaunchConfiguration.launch(LaunchConfiguration.java:718)
	at org.eclipse.debug.internal.ui.DebugUIPlugin.buildAndLaunch(DebugUIPlugin.java:1021)
	at org.eclipse.debug.internal.ui.DebugUIPlugin$2.run(DebugUIPlugin.java:1224)
	at org.eclipse.core.internal.jobs.Worker.run(Worker.java:63)
2021-04-04 17:29:46,255 [Worker-4: Launching api-test - ApiTestApplication] ERROR o.e.m2e.jdt.internal.ModuleSupport - zip file is empty
java.util.zip.ZipException: zip file is empty
	at java.base/java.util.zip.ZipFile$Source.zerror(ZipFile.java:1585)
	at java.base/java.util.zip.ZipFile$Source.findEND(ZipFile.java:1352)
	at java.base/java.util.zip.ZipFile$Source.initCEN(ZipFile.java:1448)
	at java.base/java.util.zip.ZipFile$Source.<init>(ZipFile.java:1249)
	at java.base/java.util.zip.ZipFile$Source.get(ZipFile.java:1211)
	at java.base/java.util.zip.ZipFile$CleanableResource.<init>(ZipFile.java:701)
	at java.base/java.util.zip.ZipFile.<init>(ZipFile.java:240)
	at java.base/java.util.zip.ZipFile.<init>(ZipFile.java:171)
	at java.base/java.util.jar.JarFile.<init>(JarFile.java:347)
	at java.base/java.util.jar.JarFile.<init>(JarFile.java:318)
	at java.base/java.util.jar.JarFile.<init>(JarFile.java:298)
	at org.eclipse.m2e.jdt.internal.ModuleSupport.getModuleInfo(ModuleSupport.java:231)
	at org.eclipse.m2e.jdt.internal.ModuleSupport.getModuleInfo(ModuleSupport.java:190)
	at org.eclipse.m2e.jdt.internal.ModuleSupport.configureClasspath(ModuleSupport.java:121)
	at org.eclipse.m2e.jdt.internal.AbstractJavaProjectConfigurator.configureClasspath(AbstractJavaProjectConfigurator.java:800)
	at org.eclipse.m2e.jdt.internal.DefaultClasspathManagerDelegate.populateClasspath(DefaultClasspathManagerDelegate.java:67)
	at org.eclipse.m2e.jdt.internal.BuildPathManager.getClasspath(BuildPathManager.java:269)
	at org.eclipse.m2e.jdt.internal.BuildPathManager.getClasspath(BuildPathManager.java:385)
	at org.eclipse.m2e.jdt.internal.launch.MavenRuntimeClasspathProvider.addMavenClasspathEntries(MavenRuntimeClasspathProvider.java:205)
	at org.eclipse.m2e.jdt.internal.launch.MavenRuntimeClasspathProvider.resolveClasspath0(MavenRuntimeClasspathProvider.java:176)
	at org.eclipse.m2e.jdt.internal.launch.MavenRuntimeClasspathProvider.lambda$1(MavenRuntimeClasspathProvider.java:158)
	at org.eclipse.m2e.core.internal.embedder.MavenExecutionContext.executeBare(MavenExecutionContext.java:179)
	at org.eclipse.m2e.core.internal.embedder.MavenExecutionContext.execute(MavenExecutionContext.java:153)
	at org.eclipse.m2e.core.internal.embedder.MavenExecutionContext.execute(MavenExecutionContext.java:101)
	at org.eclipse.m2e.core.internal.embedder.MavenImpl.execute(MavenImpl.java:1374)
	at org.eclipse.m2e.jdt.internal.launch.MavenRuntimeClasspathProvider.resolveClasspath(MavenRuntimeClasspathProvider.java:158)
	at org.springframework.ide.eclipse.boot.launch.BootMavenClassPathProvider.resolveClasspath(BootMavenClassPathProvider.java:24)
	at org.eclipse.jdt.internal.launching.RuntimeClasspathProvider.resolveClasspath(RuntimeClasspathProvider.java:68)
	at org.eclipse.jdt.launching.JavaRuntime.resolveRuntimeClasspath(JavaRuntime.java:1662)
	at org.eclipse.jdt.launching.AbstractJavaLaunchConfigurationDelegate.getModuleCLIOptions(AbstractJavaLaunchConfigurationDelegate.java:1156)
	at org.eclipse.jdt.launching.JavaLaunchDelegate.getVMRunnerConfiguration(JavaLaunchDelegate.java:139)
	at org.eclipse.jdt.launching.JavaLaunchDelegate.launch(JavaLaunchDelegate.java:160)
	at org.springframework.ide.eclipse.boot.launch.AbstractBootLaunchConfigurationDelegate.launch(AbstractBootLaunchConfigurationDelegate.java:372)
	at org.springframework.ide.eclipse.boot.launch.BootLaunchConfigurationDelegate.launch(BootLaunchConfigurationDelegate.java:153)
	at org.eclipse.debug.internal.core.LaunchConfiguration.launch(LaunchConfiguration.java:807)
	at org.eclipse.debug.internal.core.LaunchConfiguration.launch(LaunchConfiguration.java:718)
	at org.eclipse.debug.internal.ui.DebugUIPlugin.buildAndLaunch(DebugUIPlugin.java:1021)
	at org.eclipse.debug.internal.ui.DebugUIPlugin$2.run(DebugUIPlugin.java:1224)
	at org.eclipse.core.internal.jobs.Worker.run(Worker.java:63)
2021-04-26 10:18:37,909 [Worker-0: Loading available Gradle versions] INFO  o.e.b.c.i.u.g.PublishedGradleVersions - Gradle version information cache is up-to-date. Trying to read.
2021-04-26 10:18:45,697 [Worker-9: Updating Maven Dependencies] INFO  o.e.m.c.i.l.LifecycleMappingFactory - Using org.eclipse.m2e.jdt.JarLifecycleMapping lifecycle mapping for MavenProject: com.codigolivre:api-test:0.0.1-SNAPSHOT @ /home/workspace/algaworks-api/api-test/pom.xml.
2021-04-26 10:18:45,772 [Worker-9: Updating Maven Dependencies] WARN  o.e.m.c.i.embedder.EclipseLogger - The POM for org.springframework.boot:spring-boot-starter-data-jpa:jar:2.3.9.RELEASE is invalid, transitive dependencies (if any) will not be available, enable debug logging for more details
2021-04-26 10:18:48,650 [Worker-9: Updating Maven Dependencies] ERROR o.e.m2e.jdt.internal.ModuleSupport - zip file is empty
java.util.zip.ZipException: zip file is empty
	at java.base/java.util.zip.ZipFile$Source.zerror(ZipFile.java:1585)
	at java.base/java.util.zip.ZipFile$Source.findEND(ZipFile.java:1352)
	at java.base/java.util.zip.ZipFile$Source.initCEN(ZipFile.java:1448)
	at java.base/java.util.zip.ZipFile$Source.<init>(ZipFile.java:1249)
	at java.base/java.util.zip.ZipFile$Source.get(ZipFile.java:1211)
	at java.base/java.util.zip.ZipFile$CleanableResource.<init>(ZipFile.java:701)
	at java.base/java.util.zip.ZipFile.<init>(ZipFile.java:240)
	at java.base/java.util.zip.ZipFile.<init>(ZipFile.java:171)
	at java.base/java.util.jar.JarFile.<init>(JarFile.java:347)
	at java.base/java.util.jar.JarFile.<init>(JarFile.java:318)
	at java.base/java.util.jar.JarFile.<init>(JarFile.java:298)
	at org.eclipse.m2e.jdt.internal.ModuleSupport.getModuleInfo(ModuleSupport.java:226)
	at org.eclipse.m2e.jdt.internal.ModuleSupport.getModuleInfo(ModuleSupport.java:188)
	at org.eclipse.m2e.jdt.internal.ModuleSupport.configureClasspath(ModuleSupport.java:119)
	at org.eclipse.m2e.jdt.internal.AbstractJavaProjectConfigurator.configureClasspath(AbstractJavaProjectConfigurator.java:800)
	at org.eclipse.m2e.jdt.internal.DefaultClasspathManagerDelegate.populateClasspath(DefaultClasspathManagerDelegate.java:67)
	at org.eclipse.m2e.jdt.internal.BuildPathManager.getClasspath(BuildPathManager.java:269)
	at org.eclipse.m2e.jdt.internal.BuildPathManager.getClasspath(BuildPathManager.java:385)
	at org.eclipse.m2e.jdt.internal.BuildPathManager.getClasspath(BuildPathManager.java:365)
	at org.eclipse.m2e.jdt.internal.BuildPathManager.getClasspath(BuildPathManager.java:393)
	at org.eclipse.m2e.jdt.internal.BuildPathManager.updateClasspath(BuildPathManager.java:207)
	at org.eclipse.m2e.jdt.internal.BuildPathManager.mavenProjectChanged(BuildPathManager.java:196)
	at org.eclipse.m2e.core.internal.project.registry.ProjectRegistryManager.notifyProjectChangeListeners(ProjectRegistryManager.java:824)
	at org.eclipse.m2e.core.internal.project.registry.ProjectRegistryManager.applyMutableProjectRegistry(ProjectRegistryManager.java:990)
	at org.eclipse.m2e.core.internal.project.registry.ProjectRegistryRefreshJob.lambda$0(ProjectRegistryRefreshJob.java:149)
	at org.eclipse.m2e.core.internal.embedder.MavenExecutionContext.executeBare(MavenExecutionContext.java:179)
	at org.eclipse.m2e.core.internal.embedder.MavenExecutionContext.execute(MavenExecutionContext.java:153)
	at org.eclipse.m2e.core.internal.embedder.MavenExecutionContext.execute(MavenExecutionContext.java:101)
	at org.eclipse.m2e.core.internal.embedder.MavenImpl.execute(MavenImpl.java:1374)
	at org.eclipse.m2e.core.internal.project.registry.ProjectRegistryRefreshJob.run(ProjectRegistryRefreshJob.java:84)
	at org.eclipse.core.internal.jobs.Worker.run(Worker.java:63)
2021-04-26 10:18:50,540 [Worker-10: Building] WARN  o.e.m.c.i.embedder.EclipseLogger - The POM for org.springframework.boot:spring-boot-starter-data-jpa:jar:2.3.9.RELEASE is invalid, transitive dependencies (if any) will not be available, enable debug logging for more details
2021-04-26 10:18:52,425 [Worker-10: Building] INFO  o.e.m.c.i.embedder.EclipseLogger - Using 'UTF-8' encoding to copy filtered resources.
2021-04-26 10:18:52,444 [Worker-10: Building] INFO  o.e.m.c.i.embedder.EclipseLogger - Copying 1 resource
2021-04-26 10:18:52,521 [Worker-10: Building] INFO  o.e.m.c.i.embedder.EclipseLogger - Copying 0 resource
2021-04-26 10:18:52,539 [Worker-10: Building] INFO  o.e.m.c.i.embedder.EclipseLogger - Using 'UTF-8' encoding to copy filtered resources.
2021-04-26 10:18:52,540 [Worker-10: Building] INFO  o.e.m.c.i.embedder.EclipseLogger - skip non existing resourceDirectory /home/workspace/algaworks-api/api-test/src/test/resources
2021-04-26 10:32:26,004 [Worker-0: Loading available Gradle versions] INFO  o.e.b.c.i.u.g.PublishedGradleVersions - Gradle version information cache is up-to-date. Trying to read.
2021-04-26 10:33:14,103 [Worker-0: Loading available Gradle versions] INFO  o.e.b.c.i.u.g.PublishedGradleVersions - Gradle version information cache is up-to-date. Trying to read.
